0 info it worked if it ends with ok
1 verbose cli [ 'C:\\Program Files\\nodejs\\node.exe',
1 verbose cli   'C:\\Program Files\\nodejs\\node_modules\\npm\\bin\\npm-cli.js',
1 verbose cli   'install',
1 verbose cli   '--save',
1 verbose cli   'koa' ]
2 info using npm@4.1.2
3 info using node@v7.6.0
4 silly loadCurrentTree Starting
5 silly install loadCurrentTree
6 silly install readLocalPackageData
7 silly fetchPackageMetaData koa@2.0.0
8 silly fetchNamedPackageData koa
9 silly mapToRegistry name koa
10 silly mapToRegistry using default registry
11 silly mapToRegistry registry https://registry.npmjs.org/
12 silly mapToRegistry data Result {
12 silly mapToRegistry   raw: 'koa',
12 silly mapToRegistry   scope: null,
12 silly mapToRegistry   escapedName: 'koa',
12 silly mapToRegistry   name: 'koa',
12 silly mapToRegistry   rawSpec: '',
12 silly mapToRegistry   spec: 'latest',
12 silly mapToRegistry   type: 'tag' }
13 silly mapToRegistry uri https://registry.npmjs.org/koa
14 verbose request uri https://registry.npmjs.org/koa
15 verbose request no auth needed
16 info attempt registry request try #1 at 14:33:28
17 verbose request id ae0fe9b6a6c67118
18 http request GET https://registry.npmjs.org/koa
19 info retry will retry, error on last attempt: Error: read ECONNRESET
20 info attempt registry request try #2 at 14:34:10
21 http request GET https://registry.npmjs.org/koa
22 info retry will retry, error on last attempt: Error: connect ETIMEDOUT 104.16.21.35:443
23 info attempt registry request try #3 at 14:35:31
24 http request GET https://registry.npmjs.org/koa
25 silly fetchPackageMetaData Error: connect ETIMEDOUT 104.16.21.35:443
25 silly fetchPackageMetaData     at Object.exports._errnoException (util.js:1028:11)
25 silly fetchPackageMetaData     at exports._exceptionWithHostPort (util.js:1051:20)
25 silly fetchPackageMetaData     at TCPConnectWrap.afterConnect [as oncomplete] (net.js:1090:14)
25 silly fetchPackageMetaData  error for koa@2.0.0 { Error: connect ETIMEDOUT 104.16.21.35:443
25 silly fetchPackageMetaData     at Object.exports._errnoException (util.js:1028:11)
25 silly fetchPackageMetaData     at exports._exceptionWithHostPort (util.js:1051:20)
25 silly fetchPackageMetaData     at TCPConnectWrap.afterConnect [as oncomplete] (net.js:1090:14)
25 silly fetchPackageMetaData   code: 'ETIMEDOUT',
25 silly fetchPackageMetaData   errno: 'ETIMEDOUT',
25 silly fetchPackageMetaData   syscall: 'connect',
25 silly fetchPackageMetaData   address: '104.16.21.35',
25 silly fetchPackageMetaData   port: 443 }
26 silly rollbackFailedOptional Starting
27 silly rollbackFailedOptional Finishing
28 silly runTopLevelLifecycles Finishing
29 silly install printInstalled
30 verbose stack Error: connect ETIMEDOUT 104.16.21.35:443
30 verbose stack     at Object.exports._errnoException (util.js:1028:11)
30 verbose stack     at exports._exceptionWithHostPort (util.js:1051:20)
30 verbose stack     at TCPConnectWrap.afterConnect [as oncomplete] (net.js:1090:14)
31 verbose cwd D:\NodeJsProject\Esl
32 error Windows_NT 10.0.17763
33 error argv "C:\\Program Files\\nodejs\\node.exe" "C:\\Program Files\\nodejs\\node_modules\\npm\\bin\\npm-cli.js" "install" "--save" "koa"
34 error node v7.6.0
35 error npm  v4.1.2
36 error code ETIMEDOUT
37 error errno ETIMEDOUT
38 error syscall connect
39 error network connect ETIMEDOUT 104.16.21.35:443
40 error network This is most likely not a problem with npm itself
40 error network and is related to network connectivity.
40 error network In most cases you are behind a proxy or have bad network settings.
40 error network
40 error network If you are behind a proxy, please make sure that the
40 error network 'proxy' config is set properly.  See: 'npm help config'
41 verbose exit [ 1, true ]
